<?xml version="1.0" encoding="UTF-8"?>
<testsuite name="RecipesApplicationTest" tests="1" skipped="0" failures="0" errors="0" timestamp="2022-07-17T13:03:46" hostname="fatih-ESPRIMO-P756" time="2.551">
  <properties/>
  <testcase name="start" classname="RecipesApplicationTest" time="2.551"/>
  <system-out><![CDATA[?[1;31m
Start test 1?[0m

  .   ____          _            __ _ _
 /\\ / ___'_ __ _ _(_)_ __  __ _ \ \ \ \
( ( )\___ | '_ | '_| | '_ \/ _` | \ \ \ \
 \\/  ___)| |_)| | | | | || (_| |  ) ) ) )
  '  |____| .__|_| |_|_| |_\__, | / / / /
 =========|_|==============|___/=/_/_/_/
 :: Spring Boot ::                (v2.5.6)

2022-07-17 15:03:47.100  INFO 25638 --- [    Test worker] recipes.RecipesApplication               : Starting RecipesApplication using Java 17.0.3 on fatih-ESPRIMO-P756 with PID 25638 (started by fatih in /home/fatih/120gbSSD/projects/hyperskill/Recipes/Recipes/task)
2022-07-17 15:03:47.103  INFO 25638 --- [    Test worker] recipes.RecipesApplication               : No active profile set, falling back to default profiles: default
2022-07-17 15:03:48.069  INFO 25638 --- [    Test worker] o.s.b.w.embedded.tomcat.TomcatWebServer  : Tomcat initialized with port(s): 8881 (http)
2022-07-17 15:03:48.083  INFO 25638 --- [    Test worker] o.apache.catalina.core.StandardService   : Starting service [Tomcat]
2022-07-17 15:03:48.083  INFO 25638 --- [    Test worker] org.apache.catalina.core.StandardEngine  : Starting Servlet engine: [Apache Tomcat/9.0.54]
2022-07-17 15:03:48.142  INFO 25638 --- [    Test worker] o.a.c.c.C.[Tomcat].[localhost].[/]       : Initializing Spring embedded WebApplicationContext
2022-07-17 15:03:48.142  INFO 25638 --- [    Test worker] w.s.c.ServletWebServerApplicationContext : Root WebApplicationContext: initialization completed in 990 ms
2022-07-17 15:03:48.652  INFO 25638 --- [    Test worker] o.s.b.a.e.web.EndpointLinksResolver      : Exposing 14 endpoint(s) beneath base path '/actuator'
2022-07-17 15:03:48.681  INFO 25638 --- [    Test worker] o.s.b.w.embedded.tomcat.TomcatWebServer  : Tomcat started on port(s): 8881 (http) with context path ''
2022-07-17 15:03:48.692  INFO 25638 --- [    Test worker] recipes.RecipesApplication               : Started RecipesApplication in 1.886 seconds (JVM running for 2.416)
2022-07-17 15:03:49.023  INFO 25638 --- [nio-8881-exec-1] o.a.c.c.C.[Tomcat].[localhost].[/]       : Initializing Spring DispatcherServlet 'dispatcherServlet'
2022-07-17 15:03:49.023  INFO 25638 --- [nio-8881-exec-1] o.s.web.servlet.DispatcherServlet        : Initializing Servlet 'dispatcherServlet'
2022-07-17 15:03:49.025  INFO 25638 --- [nio-8881-exec-1] o.s.web.servlet.DispatcherServlet        : Completed initialization in 2 ms
?[1;31m
Start test 2?[0m
?[1;31m
Start test 3?[0m
?[1;31m
Start test 4?[0m
]]></system-out>
  <system-err><![CDATA[]]></system-err>
</testsuite>
